==6747== Memcheck, a memory error detector
==6747== Copyright (C) 2002-2015, and GNU GPL'd, by Julian Seward et al.
==6747== Using Valgrind-3.11.0 and LibVEX; rerun with -h for copyright info
==6747== Command: ./decode
==6747== Parent PID: 4088
==6747== 
==6747== 
==6747== HEAP SUMMARY:
==6747==     in use at exit: 16,819,939 bytes in 4,105 blocks
==6747==   total heap usage: 4,109 allocs, 4 frees, 16,833,251 bytes allocated
==6747== 
==6747== 3 bytes in 1 blocks are definitely lost in loss record 1 of 10
==6747==    at 0x4C2DB8F: malloc (in /usr/lib/valgrind/vgpreload_memcheck-amd64-linux.so)
==6747==    by 0x4009AF: main (LZW_dec.c:25)
==6747== 
==6747== 8 bytes in 1 blocks are definitely lost in loss record 2 of 10
==6747==    at 0x4C2DB8F: malloc (in /usr/lib/valgrind/vgpreload_memcheck-amd64-linux.so)
==6747==    by 0x4009EE: main (LZW_dec.c:33)
==6747== 
==6747== 96 bytes in 1 blocks are definitely lost in loss record 3 of 10
==6747==    at 0x4C2DB8F: malloc (in /usr/lib/valgrind/vgpreload_memcheck-amd64-linux.so)
==6747==    by 0x4009BD: main (LZW_dec.c:26)
==6747== 
==6747== 4,096 bytes in 1 blocks are definitely lost in loss record 7 of 10
==6747==    at 0x4C2DB8F: malloc (in /usr/lib/valgrind/vgpreload_memcheck-amd64-linux.so)
==6747==    by 0x4009CB: main (LZW_dec.c:28)
==6747== 
==6747== 4,096 bytes in 1 blocks are definitely lost in loss record 8 of 10
==6747==    at 0x4C2DB8F: malloc (in /usr/lib/valgrind/vgpreload_memcheck-amd64-linux.so)
==6747==    by 0x4009E0: main (LZW_dec.c:31)
==6747== 
==6747== 16,809,984 (32,768 direct, 16,777,216 indirect) bytes in 1 blocks are definitely lost in loss record 10 of 10
==6747==    at 0x4C2DB8F: malloc (in /usr/lib/valgrind/vgpreload_memcheck-amd64-linux.so)
==6747==    by 0x4008BA: main (LZW_dec.c:13)
==6747== 
==6747== LEAK SUMMARY:
==6747==    definitely lost: 41,067 bytes in 6 blocks
==6747==    indirectly lost: 16,777,216 bytes in 4,096 blocks
==6747==      possibly lost: 0 bytes in 0 blocks
==6747==    still reachable: 1,656 bytes in 3 blocks
==6747==         suppressed: 0 bytes in 0 blocks
==6747== Reachable blocks (those to which a pointer was found) are not shown.
==6747== To see them, rerun with: --leak-check=full --show-leak-kinds=all
==6747== 
==6747== For counts of detected and suppressed errors, rerun with: -v
==6747== ERROR SUMMARY: 6 errors from 6 contexts (suppressed: 0 from 0)
